20231028	10:28:04	8fbadc99-8a49-41f8-afc7-6450c7a03b04	Error	DataSource is not set for this entity.	GET	/usuario	undefined
20231028	10:32:01	9ced39b8-c3d1-4c73-bc9a-8c50eb169ff9	Error	DataSource is not set for this entity.	GET	/usuario	undefined
20231028	10:32:21	0a58411d-4f41-4ea3-b055-9b04b4c813e7	Error	DataSource is not set for this entity.	GET	/usuario	undefined
20231028	10:48:09	4154cb6a-67ff-460d-b8c4-5f3d6220d9a5	EntityMetadataNotFoundError	No metadata for "Usuario" was found.	GET	/usuario	undefined
20231028	10:56:55	92a5c408-ac3b-4b68-bf15-74aab1d8c75e	EntityMetadataNotFoundError	No metadata for "Usuario" was found.	GET	/usuario	undefined
20231028	11:08:08	561825b3-7d05-4736-807e-dabedaee2daa	EntityMetadataNotFoundError	No metadata for "Usuario" was found.	POST	/usuario	undefined
20231028	11:08:53	6d900159-e8dd-4e6b-b3e0-a23dc59d03c2	EntityMetadataNotFoundError	No metadata for "Usuario" was found.	POST	/usuario	undefined
20231028	11:14:34	32c08dc1-dea0-4a3a-b6ef-e28acee472ab	EntityMetadataNotFoundError	No metadata for "Usuario" was found.	POST	/usuario	undefined
20231028	11:32:26	24da70a9-506c-404c-9e76-e219b31c526e	EntityMetadataNotFoundError	No metadata for "Usuario" was found.	POST	/usuario	undefined
20231028	11:40:19	31854f1b-8a3d-4611-82da-0bae03a62811	Error	DataSource is not set for this entity.	POST	/usuario	undefined
20231028	12:16:38	34b96dea-443a-4dbc-98e3-6df84add5fe4	QueryFailedError	invalid input syntax for type uuid: "123"	POST	/usuario	undefined
20231029	13:04:07	36f5a669-672d-43dc-b4a4-1eb5b6d74419	QueryFailedError	invalid input syntax for type uuid: "hola"	GET	/usuario/hola	undefined
20231029	13:15:34	ba557fd9-042f-4ec4-8aaf-dd6c166af73d	QueryFailedError	column entity.id does not exist	POST	/usuario/	undefined
20231029	13:16:17	a8635587-da4d-46fb-9af1-2887db21c9f5	QueryFailedError	cannot cast type uuid to integer	POST	/usuario/	undefined
20231029	13:42:29	da04d4da-851d-4e98-ba8f-a9a67723d3b3	QueryFailedError	duplicate key value violates unique constraint "UQ_446adfc18b35418aac32ae0b7b5"	POST	/usuario/	undefined
20231029	13:46:56	cfbd27b4-eb86-4dc8-8c83-f0e95140bee9	QueryFailedError	duplicate key value violates unique constraint "UQ_446adfc18b35418aac32ae0b7b5"	POST	/usuario/	undefined
20231029	13:47:19	d0169107-c4c8-460b-b36c-87247b23f758	QueryFailedError	duplicate key value violates unique constraint "UQ_446adfc18b35418aac32ae0b7b5"	POST	/usuario/	undefined
20231029	13:47:50	76f0a9e8-061f-4ef7-8821-ed8b5459dfa4	QueryFailedError	duplicate key value violates unique constraint "UQ_446adfc18b35418aac32ae0b7b5"	POST	/usuario/	undefined
20231029	13:47:55	bcac1703-8a33-48db-af19-cc44fe829190	QueryFailedError	duplicate key value violates unique constraint "UQ_446adfc18b35418aac32ae0b7b5"	POST	/usuario/	undefined
20231029	13:47:58	76a10762-4cde-4a9a-b7d6-b8b1c61f6fee	QueryFailedError	duplicate key value violates unique constraint "UQ_446adfc18b35418aac32ae0b7b5"	POST	/usuario/	undefined
20231029	13:51:27	f6a8e522-32b9-43e7-b733-59f7ee69e59e	QueryFailedError	duplicate key value violates unique constraint "UQ_446adfc18b35418aac32ae0b7b5"	POST	/usuario/	undefined
20231029	13:51:29	949943f5-a973-4556-90f4-6984333b40f1	QueryFailedError	duplicate key value violates unique constraint "UQ_446adfc18b35418aac32ae0b7b5"	POST	/usuario/	undefined
20231029	13:51:30	68a89b40-f617-4466-a6f7-402b1007c31e	QueryFailedError	duplicate key value violates unique constraint "UQ_446adfc18b35418aac32ae0b7b5"	POST	/usuario/	undefined
20231029	13:51:41	1c3632a5-f67b-40eb-9cca-ab18dadd25c1	QueryFailedError	duplicate key value violates unique constraint "UQ_446adfc18b35418aac32ae0b7b5"	POST	/usuario/	undefined
20231030	12:21:02	13f3d7a6-419a-4fe0-bb20-29ba77ee3ff9	QueryFailedError	null value in column "fecha_recepcion" of relation "pedidos" violates not-null constraint	POST	/pedido/	undefined
20231030	12:27:59	b5a004d8-0ee1-41d2-8e16-279f0171a754	QueryFailedError	null value in column "fecha_despacho" of relation "pedidos" violates not-null constraint	POST	/pedido/	undefined
20231030	12:31:15	d90aff23-a9b4-4758-b7d2-adf55665d0fd	QueryFailedError	null value in column "fecha_despacho" of relation "pedidos" violates not-null constraint	POST	/pedido/	undefined
20231030	12:34:57	d3e11d85-9a12-4b90-8aa1-b31418e637de	QueryFailedError	duplicate key value violates unique constraint "UQ_446adfc18b35418aac32ae0b7b5"	POST	/usuario/	undefined
20231030	12:35:01	c15fa1d1-d610-4ee0-a8a7-bdb27a5a9be7	QueryFailedError	duplicate key value violates unique constraint "UQ_446adfc18b35418aac32ae0b7b5"	POST	/usuario/	undefined
20231030	12:36:34	df6d62c7-5443-46bd-81ef-17f1170903aa	QueryFailedError	duplicate key value violates unique constraint "UQ_446adfc18b35418aac32ae0b7b5"	PATCH	/usuario/001	undefined
20231030	13:57:51	8b65fe65-6416-4601-986a-f821b21a9d0d	QueryFailedError	duplicate key value violates unique constraint "PK_c2267483e5ac7f60d3123b15ec7"	POST	/pedido/	undefined
20231030	13:58:42	40c5d653-687b-4a3b-a125-e655ae1fb19d	QueryFailedError	duplicate key value violates unique constraint "PK_c2267483e5ac7f60d3123b15ec7"	POST	/pedido/	undefined
20231030	13:59:50	8c5fdd8f-e962-4d3c-a573-f87818b524c9	QueryFailedError	relation "pedidos" does not exist	POST	/pedido/	undefined
20231030	14:51:19	19a6b7ee-3095-4f63-9442-b09565dee900	QueryFailedError	column entity.codigo_de_trabajador does not exist	POST	/producto/	undefined
20231030	14:55:37	8a477ec2-8e92-412c-bfdf-18d19d554aa1	QueryFailedError	duplicate key value violates unique constraint "PK_c2267483e5ac7f60d3123b15ec7"	POST	/pedido/	undefined
20231030	14:55:58	b7e8b843-1ef5-4685-bc0f-04135680ea51	SyntaxError	Unexpected token '}', ..."oductos":
}" is not valid JSON	GET	/pedido/	undefined
20231030	14:56:52	d3166aa9-17da-4952-bd22-fe8e395e382d	SyntaxError	Unexpected token '}', ..."oductos":
}" is not valid JSON	GET	/pedido/	undefined
20231030	14:57:01	a16e6006-b2ff-4950-9d83-226e03b85adb	SyntaxError	Expected double-quoted property name in JSON at position 145	GET	/pedido/	undefined
20231030	14:57:45	37e4e93c-edd4-4d67-a7e0-bdcf84354461	QueryFailedError	column entity.numero_de_pedido does not exist	POST	/pedido/	undefined
20231030	14:58:56	44f636b4-d48d-454f-bad1-2a3b68148ba9	QueryFailedError	column entity.numero_de_pedido does not exist	POST	/pedido/	undefined
20231030	14:58:57	aaf03101-13ac-4c45-bc99-fbb77a86cce2	QueryFailedError	column entity.numero_de_pedido does not exist	POST	/pedido/	undefined
20231030	16:00:16	acce126f-9188-4b5e-8908-e0ade5bcd498	UpdateValuesMissingError	Cannot perform update query because update values are not defined. Call "qb.set(...)" method to specify updated values.	POST	/pedido/	undefined
20231030	16:00:34	fda455c7-992b-4634-95a3-2f06430b1410	QueryFailedError	relation "pedidos" does not exist	POST	/pedido/	undefined
20231030	16:03:56	261d58ad-f89a-4e23-b6ab-e8f48bb5918f	QueryFailedError	relation "pedidos" does not exist	GET	/pedido/	undefined
20231030	16:04:01	5d02b171-14fe-49c5-bccb-73ded1409360	QueryFailedError	relation "productos" does not exist	GET	/producto/	undefined
20231030	16:04:05	071677ae-74da-4f9f-b7c9-e3c88e31c662	QueryFailedError	relation "usuarios" does not exist	GET	/usuario/	undefined
20231030	16:04:27	3937416e-6534-4a1d-b51a-6216678acc1f	QueryFailedError	relation "usuarios" does not exist	POST	/usuario/	undefined
20231030	16:04:29	a4d94224-40c7-4446-a98c-715793502642	QueryFailedError	relation "usuarios" does not exist	GET	/usuario/	undefined
20231030	16:05:51	349addb6-bfcc-4548-a2fd-084bf6eb64eb	UpdateValuesMissingError	Cannot perform update query because update values are not defined. Call "qb.set(...)" method to specify updated values.	POST	/pedido/	undefined
20231030	16:13:09	6057ab21-6d4b-40bb-bbcf-5b9fb11837b9	QueryFailedError	duplicate key value violates unique constraint "REL_382426a190bae57296a7106ce3"	POST	/pedido/	undefined
20231030	16:14:13	b94e6edf-4726-4bab-b958-ca59c3226bf7	QueryFailedError	duplicate key value violates unique constraint "REL_382426a190bae57296a7106ce3"	POST	/pedido/	undefined
20231030	16:15:15	a783a8cd-2eb4-4dda-b359-7570765fa77f	UpdateValuesMissingError	Cannot perform update query because update values are not defined. Call "qb.set(...)" method to specify updated values.	POST	/pedido/	undefined
20231030	16:18:24	1014a58c-ec53-4796-af45-2404ae0d1937	UpdateValuesMissingError	Cannot perform update query because update values are not defined. Call "qb.set(...)" method to specify updated values.	POST	/pedido/	undefined
20231030	16:19:02	6e23f75c-b95b-4156-8f77-2ba09aaa1ec3	UpdateValuesMissingError	Cannot perform update query because update values are not defined. Call "qb.set(...)" method to specify updated values.	POST	/pedido/	undefined
20231030	16:19:18	bc489a0e-066d-4533-8ff2-4facea1db307	QueryFailedError	relation "pedidos" does not exist	POST	/pedido/	undefined
20231030	16:20:01	9e75fd63-e244-4c07-9df0-87267b79811b	UpdateValuesMissingError	Cannot perform update query because update values are not defined. Call "qb.set(...)" method to specify updated values.	POST	/pedido/	undefined
20231030	16:22:58	4da0998a-b7db-484d-b827-12b5516bc3ab	QueryFailedError	syntax error at end of input	GET	/pedido/	undefined
20231030	16:33:16	55af002d-cbcd-4500-9083-a485c4fac6b5	QueryFailedError	relation "productos" does not exist	POST	/producto/	undefined
20231030	16:33:18	6b1cc69a-ec91-41fc-897a-3f9eed6724a5	QueryFailedError	relation "pedidos" does not exist	POST	/pedido/	undefined
20231030	16:34:27	cc8cc34f-68f8-4e36-8e95-b706d294c59b	QueryFailedError	syntax error at end of input	GET	/pedido/	undefined
20231030	16:36:08	a65ea5b2-d3b6-42d9-895b-9635f264d2ef	TypeError	Cannot read properties of undefined (reading 'tablePath')	GET	/pedido/	undefined
20231030	16:39:57	46467dca-3d13-46df-8218-4ca34c3c4d17	TypeError	Cannot read properties of undefined (reading 'tablePath')	GET	/pedido/	undefined
20231030	17:19:56	1ebcda68-fae6-417b-a9bd-d3afd5047f34	QueryFailedError	duplicate key value violates unique constraint "REL_382426a190bae57296a7106ce3"	POST	/pedido/	undefined
20231030	17:32:24	ceefbd65-a965-463b-b8bc-f55ee2165735	QueryFailedError	insert or update on table "pedidos" violates foreign key constraint "FK_382426a190bae57296a7106ce3d"	POST	/pedido/	undefined
20231030	17:33:10	f20b5070-9283-41be-bc4d-8cbcea0621ab	QueryFailedError	insert or update on table "pedidos" violates foreign key constraint "FK_382426a190bae57296a7106ce3d"	POST	/pedido/	undefined
20231030	17:33:23	7b5684d2-f5db-4612-83c9-0ff17846dd9e	QueryFailedError	insert or update on table "pedidos" violates foreign key constraint "FK_382426a190bae57296a7106ce3d"	POST	/pedido/	undefined
20231030	17:33:32	15dd0828-fec0-487f-95d8-a169bafe4c28	QueryFailedError	insert or update on table "pedidos" violates foreign key constraint "FK_382426a190bae57296a7106ce3d"	POST	/pedido/	undefined
20231030	17:39:08	bc547b6f-9376-408c-9894-8b0b5b51f17a	QueryFailedError	duplicate key value violates unique constraint "REL_382426a190bae57296a7106ce3"	POST	/pedido/	undefined
20231030	17:42:06	10f18c72-82b0-4879-8435-e99190ed46fc	QueryFailedError	duplicate key value violates unique constraint "REL_382426a190bae57296a7106ce3"	POST	/pedido/	undefined
20231030	17:44:21	43513c6c-e613-45ad-aa9b-ed4520e17a78	QueryFailedError	duplicate key value violates unique constraint "REL_382426a190bae57296a7106ce3"	POST	/pedido/	undefined
20231030	17:44:23	77047ca9-d410-44db-b79e-2e8c0e37dcff	SyntaxError	Unterminated string in JSON at position 75	POST	/pedido/	undefined
20231030	17:44:25	fde7baa8-040d-4f65-a581-711525bf2bc5	SyntaxError	Unterminated string in JSON at position 76	POST	/pedido/	undefined
20231030	17:44:29	59ef0b3c-f707-4dde-9c9b-e5d2ea9c9302	SyntaxError	Expected ',' or '}' after property value in JSON at position 76	POST	/pedido/	undefined
20231030	22:25:15	71d71b58-b965-4015-a8dd-319837636ade	QueryFailedError	duplicate key value violates unique constraint "UQ_446adfc18b35418aac32ae0b7b5"	POST	/usuario/	undefined
20231030	22:25:32	d8c7c9bb-5da6-454e-bed7-96eb905a4c94	Error	Cannot set headers after they are sent to the client	POST	/auth/	undefined
20231030	23:35:05	0404bd09-5233-4220-a0a7-7a214b0c6240	Error	Cannot set headers after they are sent to the client	POST	/auth/	undefined
20231030	23:35:55	ae4d488e-ef31-457e-b75f-4ff53551521a	Error	Cannot set headers after they are sent to the client	POST	/auth/	undefined
20231030	23:36:31	b165f3b1-f8eb-4741-b172-73384812930d	Error	Cannot set headers after they are sent to the client	POST	/auth/	undefined
20231030	23:39:45	55de52b5-923c-4d3f-9e77-7be103d6d73e	Error	Cannot set headers after they are sent to the client	POST	/auth/	undefined
20231030	23:40:48	da0060da-f923-4675-84dd-ba765238ae5f	Error	Cannot set headers after they are sent to the client	POST	/auth/	undefined
20231030	23:45:01	950c5bf9-6ed8-49e0-b082-ad9cd85f32ab	Error	Cannot set headers after they are sent to the client	POST	/auth/	undefined
20231030	23:45:59	454313d3-2655-4c92-bb50-8bd83eb1ecc7	Error	Cannot set headers after they are sent to the client	POST	/auth/	undefined
20231031	01:10:06	fc591ec0-3c06-404e-a709-dea81a08db83	SyntaxError	Expected double-quoted property name in JSON at position 30	PATCH	/pedido/8	undefined
20231031	11:24:57	c723a8af-5c53-4e54-a2ed-c0cef5dfa920	QueryFailedError	insert or update on table "pedidos" violates foreign key constraint "FK_382426a190bae57296a7106ce3d"	POST	/pedido/	undefined
20231031	11:26:11	788944af-bb10-4aa0-ac4d-538833dcc2e9	QueryFailedError	insert or update on table "pedidos" violates foreign key constraint "FK_382426a190bae57296a7106ce3d"	POST	/pedido/	undefined
20231031	11:27:10	8e8ba462-4a6a-4f23-91c6-d7cc96e755ff	QueryFailedError	duplicate key value violates unique constraint "UQ_446adfc18b35418aac32ae0b7b5"	POST	/usuario/	undefined
20231031	11:28:03	e2b37dff-067d-48e9-8d7d-885b603d76a7	QueryFailedError	duplicate key value violates unique constraint "UQ_446adfc18b35418aac32ae0b7b5"	POST	/usuario/	undefined
20231031	11:37:25	5aca583c-993e-4feb-a9f3-57a1cf3b2123	QueryFailedError	insert or update on table "pedidos" violates foreign key constraint "FK_382426a190bae57296a7106ce3d"	POST	/pedido/	undefined
20231031	12:00:28	6cb193d4-a98a-4a69-bf32-844f41ec3028	SyntaxError	Unexpected number in JSON at position 49	POST	/pedido/	undefined
20231031	12:01:01	7c453793-dc46-40ba-8cec-85849b387b43	SyntaxError	Unexpected number in JSON at position 49	POST	/pedido/	undefined
20231031	12:51:07	f52a2117-1f99-499d-a594-5fd20afd46d0	Error	Cannot set headers after they are sent to the client	POST	/auth/	undefined
20231031	13:05:39	c742ec25-7c8a-4fd0-9cf1-8fd83a4920be	TypeError	moment_1.default.tz is not a function	PATCH	/pedido/2	undefined
