20231027	19:13:27	5b2b8c80-418c-4143-a15a-767e54994a53	role "accel3" does not exist: error	error: role "accel3" does not exist
    at Parser.parseErrorMessage (/Users/accel33/Code/delfosti/accel-maeshiro/node_modules/pg-protocol/src/parser.ts:369:69)
    at Parser.handlePacket (/Users/accel33/Code/delfosti/accel-maeshiro/node_modules/pg-protocol/src/parser.ts:188:21)
    at Parser.parse (/Users/accel33/Code/delfosti/accel-maeshiro/node_modules/pg-protocol/src/parser.ts:103:30)
    at Socket.<anonymous> (/Users/accel33/Code/delfosti/accel-maeshiro/node_modules/pg-protocol/src/index.ts:7:48)
    at Socket.emit (node:events:514:28)
    at Socket.emit (node:domain:488:12)
    at addChunk (node:internal/streams/readable:376:12)
    at readableAddChunk (node:internal/streams/readable:349:9)
    at Socket.Readable.push (node:internal/streams/readable:286:10)
    at TCP.onStreamRead (node:internal/stream_base_commons:190:23)	
20231027	19:14:20	176ac74d-3389-48d6-8555-a432b37f35d1	database "accel3" does not exist: error	error: database "accel3" does not exist
    at Parser.parseErrorMessage (/Users/accel33/Code/delfosti/accel-maeshiro/node_modules/pg-protocol/src/parser.ts:369:69)
    at Parser.handlePacket (/Users/accel33/Code/delfosti/accel-maeshiro/node_modules/pg-protocol/src/parser.ts:188:21)
    at Parser.parse (/Users/accel33/Code/delfosti/accel-maeshiro/node_modules/pg-protocol/src/parser.ts:103:30)
    at Socket.<anonymous> (/Users/accel33/Code/delfosti/accel-maeshiro/node_modules/pg-protocol/src/index.ts:7:48)
    at Socket.emit (node:events:514:28)
    at Socket.emit (node:domain:488:12)
    at addChunk (node:internal/streams/readable:376:12)
    at readableAddChunk (node:internal/streams/readable:349:9)
    at Socket.Readable.push (node:internal/streams/readable:286:10)
    at TCP.onStreamRead (node:internal/stream_base_commons:190:23)	
20231027	19:17:28	87157bf0-4fca-4430-b34c-282383a48e30	database "accel3" does not exist: error	error: database "accel3" does not exist
    at Parser.parseErrorMessage (/Users/accel33/Code/delfosti/accel-maeshiro/node_modules/pg-protocol/src/parser.ts:369:69)
    at Parser.handlePacket (/Users/accel33/Code/delfosti/accel-maeshiro/node_modules/pg-protocol/src/parser.ts:188:21)
    at Parser.parse (/Users/accel33/Code/delfosti/accel-maeshiro/node_modules/pg-protocol/src/parser.ts:103:30)
    at Socket.<anonymous> (/Users/accel33/Code/delfosti/accel-maeshiro/node_modules/pg-protocol/src/index.ts:7:48)
    at Socket.emit (node:events:514:28)
    at Socket.emit (node:domain:488:12)
    at addChunk (node:internal/streams/readable:376:12)
    at readableAddChunk (node:internal/streams/readable:349:9)
    at Socket.Readable.push (node:internal/streams/readable:286:10)
    at TCP.onStreamRead (node:internal/stream_base_commons:190:23)	
20231027	19:18:18	b5354fb2-6cbf-4cbc-9f8f-25fa79ec6e71	database "accel3" does not exist: error	error: database "accel3" does not exist
    at Parser.parseErrorMessage (/Users/accel33/Code/delfosti/accel-maeshiro/node_modules/pg-protocol/src/parser.ts:369:69)
    at Parser.handlePacket (/Users/accel33/Code/delfosti/accel-maeshiro/node_modules/pg-protocol/src/parser.ts:188:21)
    at Parser.parse (/Users/accel33/Code/delfosti/accel-maeshiro/node_modules/pg-protocol/src/parser.ts:103:30)
    at Socket.<anonymous> (/Users/accel33/Code/delfosti/accel-maeshiro/node_modules/pg-protocol/src/index.ts:7:48)
    at Socket.emit (node:events:514:28)
    at Socket.emit (node:domain:488:12)
    at addChunk (node:internal/streams/readable:376:12)
    at readableAddChunk (node:internal/streams/readable:349:9)
    at Socket.Readable.push (node:internal/streams/readable:286:10)
    at TCP.onStreamRead (node:internal/stream_base_commons:190:23)	
20231027	19:19:25	76562689-a5da-4910-9337-15327c58bef1	database "accel3" does not exist: error	error: database "accel3" does not exist
    at Parser.parseErrorMessage (/Users/accel33/Code/delfosti/accel-maeshiro/node_modules/pg-protocol/src/parser.ts:369:69)
    at Parser.handlePacket (/Users/accel33/Code/delfosti/accel-maeshiro/node_modules/pg-protocol/src/parser.ts:188:21)
    at Parser.parse (/Users/accel33/Code/delfosti/accel-maeshiro/node_modules/pg-protocol/src/parser.ts:103:30)
    at Socket.<anonymous> (/Users/accel33/Code/delfosti/accel-maeshiro/node_modules/pg-protocol/src/index.ts:7:48)
    at Socket.emit (node:events:514:28)
    at Socket.emit (node:domain:488:12)
    at addChunk (node:internal/streams/readable:376:12)
    at readableAddChunk (node:internal/streams/readable:349:9)
    at Socket.Readable.push (node:internal/streams/readable:286:10)
    at TCP.onStreamRead (node:internal/stream_base_commons:190:23)	
