20231027	19:29:47	f7c3edf8-130f-41b7-b5aa-3cb4cac7f208	GET	/	undefined
20231027	19:31:07	b73d0d72-5981-4852-a4b9-aa71f47f5f96	GET	/	undefined
20231027	19:31:07	2ad22a39-fe6c-46c5-a636-a6577c1fc495	GET	/css/style.css	undefined
20231027	19:31:07	498f3920-7e70-4d5c-b7d5-0411a9c90016	GET	/css/style.css	undefined
20231027	19:31:08	7eb13c5b-bd50-4479-9d85-21b1530dde50	GET	/favicon.ico	undefined
20231028	10:26:59	5ce015d7-cc66-4200-b589-ddf88eb27212	GET	/usuario	undefined
20231028	10:28:04	f12980c9-b783-46ca-8a6a-9d7a6fba5aa1	GET	/usuario	undefined
20231028	10:32:01	57f4c1e6-a9b1-4047-9340-280f9c0c75c8	GET	/usuario	undefined
20231028	10:32:21	b3dac323-422d-4f31-8a65-049436fb29b3	GET	/usuario	undefined
20231028	10:48:09	1d9a5b98-abd6-4908-87cc-5b352db0eeec	GET	/usuario	undefined
20231028	10:56:55	83b32343-33c8-4196-8dc6-a3ea382603a6	GET	/usuario	undefined
20231028	11:08:08	d42aa236-5c91-4920-8151-13577c72c739	POST	/usuario	undefined
20231028	11:08:53	3bbddfb9-9f85-4c5d-9d52-a4b686d157ad	POST	/usuario	undefined
20231028	11:14:34	10c1c7bb-c194-4420-b45a-9a472451023b	POST	/usuario	undefined
20231028	11:32:26	ed6a2c64-e815-4024-a102-12df0fc8d52c	POST	/usuario	undefined
20231028	11:40:19	548a6f4c-fa03-4ff2-8c2a-7627105a8ba4	POST	/usuario	undefined
20231028	12:16:38	0eb62603-2a51-48b8-895a-5a038221d617	POST	/usuario	undefined
20231028	12:17:07	248595b5-6020-42a6-9537-762898e608a9	POST	/usuario	undefined
20231028	12:17:12	86a31866-c74b-4a20-8bb8-1311707cbaee	GET	/usuario	undefined
20231029	12:58:09	5918b49e-b40d-4d1c-9f0d-07a1ffd9c0b8	GET	/usuario	undefined
20231029	13:01:31	e9a938fa-159d-40fb-bbf8-79a2022b6336	POST	/usuario	undefined
20231029	13:01:57	5c2649c8-b7e7-4872-9dd3-1e80763e62fe	POST	/usuario	undefined
20231029	13:02:02	3f4e0f22-1623-4546-b600-4064193e0c7a	POST	/usuario	undefined
20231029	13:02:05	73deddac-24e1-40d8-b375-3646c3d660bf	POST	/usuario	undefined
20231029	13:03:30	d23eb008-83f7-4c02-8ca6-5c9ba3f0c0d8	GET	/usuario	undefined
20231029	13:04:07	0f0d0f45-2e1d-4c42-ad3a-e58b762714c0	GET	/usuario/hola	undefined
20231029	13:05:06	0cf315a2-aec0-430d-a976-459203f7e109	GET	/usuario/	undefined
20231029	13:05:14	61191d22-4dda-4ffc-bc65-5ddf3efaa247	GET	/usuario/4d89be23-4f9e-4ad5-a4b9-eb08f3ebfb4f	undefined
20231029	13:15:13	2558a6d8-5be4-4662-a6b7-2170712d0d64	GET	/usuario/	undefined
20231029	13:15:17	4bdf5333-de6e-47be-b740-e59cbd6dee64	POST	/usuario/	undefined
20231029	13:15:22	1f5ddf6e-6af5-4638-97b8-1c969a9d835a	POST	/usuario/	undefined
20231029	13:15:34	5817de42-4e8b-460d-bc57-e20fd459f995	POST	/usuario/	undefined
20231029	13:16:17	f88dc3c5-2fb2-486d-8708-eba61c310dbc	POST	/usuario/	undefined
20231029	13:17:10	b62a33e9-c44e-4547-91e8-ba946f9bc817	POST	/usuario/	undefined
20231029	13:17:17	586ec36b-8e17-45bc-8375-b90997c103e0	POST	/usuario/	undefined
20231029	13:22:02	c56e9ea7-5496-4ba6-80a8-712496a1906b	POST	/usuario/	undefined
20231029	13:22:09	e44e5bfd-6461-4918-8ba7-926c94e9033d	GET	/usuario/	undefined
20231029	13:22:15	842407d8-6869-4219-938e-96096f2f645a	GET	/usuario/001	undefined
20231029	13:23:23	42a77b10-cece-44fc-97c9-9f23bb02e115	PATCH	/usuario/001	undefined
20231029	13:23:36	efb6c56a-2a22-46e2-a686-6f84ca6a3c20	PATCH	/usuario/001	undefined
20231029	13:23:47	8e7c2dc5-525a-49e3-9fa0-e304031c8796	GET	/usuario/001	undefined
20231029	13:24:02	9bc11935-726d-437a-ab46-f1222e2af639	GET	/usuario/	undefined
20231029	13:24:18	715e47f4-9e2b-4b93-82c8-eadfeb631c7f	PATCH	/usuario/001	undefined
20231029	13:24:25	04311370-b6c7-4471-86e4-eb01ac1ca240	PATCH	/usuario/001	undefined
20231029	13:26:48	300a28f3-0128-4a22-bf66-3e0a37ad993a	GET	/usuario/	undefined
20231029	13:27:42	36d31cf6-99cb-4bcd-b274-329a84f81555	PATCH	/usuario/001	undefined
20231029	13:27:49	dd47479f-67d2-49e2-bcc7-1aa3a41bdafd	PATCH	/usuario/001	undefined
20231029	13:27:57	ae60355f-e213-45ba-b6ab-3b95efb3756f	GET	/usuario/	undefined
20231029	13:34:07	b0c2a699-6a54-41e9-b9a0-999adb1f6559	PATCH	/usuario/001	undefined
20231029	13:41:28	f136e455-6f3e-43b9-b23f-1d97c9a9a0d4	PATCH	/usuario/001	undefined
20231029	13:41:38	ffda4b63-f032-48e2-9358-3d22f450ce02	PATCH	/usuario/001	undefined
20231029	13:41:44	14367402-c8ae-4cd1-ba6a-26ad33cb25ec	PATCH	/usuario/001	undefined
20231029	13:41:47	99bda36a-bca4-4a53-9c7d-647ffd4f0915	PATCH	/usuario/001	undefined
20231029	13:41:49	5fb00fc6-36c4-4ac5-a806-c7485e1da7da	PATCH	/usuario/001	undefined
20231029	13:41:59	8a8c955e-957a-4ff0-87a9-1afdff0ac622	GET	/usuario/	undefined
20231029	13:42:27	f6a84990-08bc-49c3-b43f-ab4b11c46fc4	POST	/usuario/	undefined
20231029	13:42:29	b59ea8b0-dfe3-4745-ae94-87a1413a7986	POST	/usuario/	undefined
20231029	13:46:56	8ff29532-bd0a-4bdb-960e-4fa25ddef88c	POST	/usuario/	undefined
20231029	13:47:12	daee77e5-fce5-430b-8b28-556904623598	POST	/usuario/	undefined
20231029	13:47:19	d82b30f5-3575-4e82-995b-8a11dc588641	POST	/usuario/	undefined
20231029	13:47:44	f50518ad-e9aa-4c85-928c-22ab6c074af1	POST	/usuario/	undefined
20231029	13:47:50	08b7e019-35ed-4450-b651-4716e75dbc67	POST	/usuario/	undefined
20231029	13:47:55	e80e8e73-e2a6-4953-bf32-c19c34d16058	POST	/usuario/	undefined
20231029	13:47:57	1ccb0eef-f2b1-4f0e-ba76-c70b09f3472a	POST	/usuario/	undefined
20231029	13:47:58	f3630f09-4c23-4aea-9790-a453d977ceba	POST	/usuario/	undefined
20231029	13:47:59	a4721710-e337-4b2e-b0e0-810e8a780d08	POST	/usuario/	undefined
20231029	13:51:27	dfcaa734-79a1-4a9d-8047-b156a13724ac	POST	/usuario/	undefined
20231029	13:51:29	7e4d7c78-3037-47ee-ba7b-1e6f01504353	POST	/usuario/	undefined
20231029	13:51:30	1dbe9fd6-9984-46e5-993b-70658a994047	POST	/usuario/	undefined
20231029	13:51:36	94bbe94b-25f8-4358-abe3-5316e8a70d4d	POST	/usuario/	undefined
20231029	13:51:41	8a8a7668-f9a9-4d69-8456-46ad05afac3a	POST	/usuario/	undefined
20231029	13:52:34	d64a2bf8-4821-40fa-8915-02141bdd9dfa	POST	/usuario/	undefined
20231029	13:52:36	ec23771f-2ea3-4b83-88ec-2324e8d7832c	GET	/usuario/	undefined
20231029	13:53:04	494142d2-af3a-4e03-884e-92def0a3ce84	DELETE	/usuario/002	undefined
20231029	14:07:50	6c00ef91-472d-476d-8797-3918bed9e838	PATCH	/usuario/001	undefined
20231029	14:07:59	db098f63-e6d4-4414-863a-ff61487bf089	PATCH	/usuario/001	undefined
